<?xml version="1.0" encoding="utf-8"?><testsuites name="pytest tests"><testsuite name="pytest" errors="0" failures="0" skipped="0" tests="5" time="6.790" timestamp="2026-06-25T04:27:58.976878+00:00" hostname="agent-env-2904b028-44d5-4b9e-9b0b-dd551559b2de"><testcase classname="backend.tests.test_round76_features.TestWeatherMorningRange" name="test_weather_includes_morning_range_today[Parabiago]" time="1.446" /><testcase classname="backend.tests.test_round76_features.TestWeatherMorningRange" name="test_weather_includes_morning_range_today[Magenta]" time="1.191" /><testcase classname="backend.tests.test_round76_features.TestInitGreetingBriefing" name="test_init_greeting_status_and_payload" time="1.814" /><testcase classname="backend.tests.test_round76_features.TestInitGreetingBriefing" name="test_init_greeting_has_no_forbidden_keywords" time="0.987" /><testcase classname="backend.tests.test_round76_features.TestInitGreetingBriefing" name="test_init_greeting_is_short" time="1.236" /></testsuite></testsuites>