<?xml version="1.0" encoding="utf-8"?><testsuites name="pytest tests"><testsuite name="pytest" errors="0" failures="0" skipped="0" tests="13" time="11.989" timestamp="2026-06-24T17:39:19.112046+00:00" hostname="agent-env-2904b028-44d5-4b9e-9b0b-dd551559b2de"><testcase classname="backend.tests.test_round74_features.TestWeatherHistoricalMarkets" name="test_endpoint_returns_200_with_valid_input" time="1.485" /><testcase classname="backend.tests.test_round74_features.TestWeatherHistoricalMarkets" name="test_response_schema_avg_temp_morning_present" time="0.730" /><testcase classname="backend.tests.test_round74_features.TestWeatherHistoricalMarkets" name="test_magenta_june_temperature_realistic" time="0.708" /><testcase classname="backend.tests.test_round74_features.TestWeatherHistoricalMarkets" name="test_unknown_market_returns_error_field" time="1.194" /><testcase classname="backend.tests.test_round74_features.TestWeatherHistoricalMarkets" name="test_multiple_markets_in_one_call" time="1.722" /><testcase classname="backend.tests.test_round74_features.TestAIMemoryEndpoints" name="test_memory_add_persists_and_get_returns_item" time="0.419" /><testcase classname="backend.tests.test_round74_features.TestAIMemoryEndpoints" name="test_memory_add_multiple_appends" time="0.557" /><testcase classname="backend.tests.test_round74_features.TestAIMemoryEndpoints" name="test_memory_delete_clears_all" time="0.468" /><testcase classname="backend.tests.test_round74_features.TestAIMemoryEndpoints" name="test_memory_missing_device_id_returns_error" time="0.114" /><testcase classname="backend.tests.test_round74_features.TestAIMemoryEndpoints" name="test_memory_unknown_device_returns_empty" time="0.105" /><testcase classname="backend.tests.test_round74_features.TestAIChatAutoMemory" name="test_chat_ricorda_che_autosaves_memory" time="1.411" /><testcase classname="backend.tests.test_round74_features.TestAIChatAutoMemory" name="test_chat_memorizza_trigger" time="1.586" /><testcase classname="backend.tests.test_round74_features.TestAIChatAutoMemory" name="test_chat_no_trigger_does_not_save" time="1.294" /></testsuite></testsuites>