<?xml version="1.0" encoding="utf-8"?><testsuites name="pytest tests"><testsuite name="pytest" errors="0" failures="0" skipped="0" tests="7" time="7.872" timestamp="2026-06-24T21:31:39.964825+00:00" hostname="agent-env-2904b028-44d5-4b9e-9b0b-dd551559b2de"><testcase classname="backend.tests.test_round75_features" name="test_health_root" time="0.373" /><testcase classname="backend.tests.test_round75_features" name="test_weather_historical_markets_endpoint" time="1.366" /><testcase classname="backend.tests.test_round75_features" name="test_weather_historical_markets_empty_items" time="0.192" /><testcase classname="backend.tests.test_round75_features" name="test_ai_chat_day_sync_respects_selected_day" time="2.179" /><testcase classname="backend.tests.test_round75_features" name="test_ai_chat_respects_empty_appointments_no_invention" time="0.910" /><testcase classname="backend.tests.test_round75_features" name="test_ai_chat_weather_revenue_correlation" time="1.469" /><testcase classname="backend.tests.test_round75_features" name="test_ai_chat_returns_200_with_minimal_payload" time="1.197" /></testsuite></testsuites>