<?xml version="1.0" encoding="utf-8"?><testsuites name="pytest tests"><testsuite name="pytest" errors="0" failures="0" skipped="0" tests="3" time="28.978" timestamp="2026-04-14T16:09:44.942771+00:00" hostname="agent-env-2904b028-44d5-4b9e-9b0b-dd551559b2de"><testcase classname="tests.test_critical_bugfixes.TestFuelRouteFiltering" name="test_fuel_route_catania_palermo" time="8.590" /><testcase classname="tests.test_critical_bugfixes.TestFuelRouteFiltering" name="test_fuel_route_milano_roma" time="10.378" /><testcase classname="tests.test_critical_bugfixes.TestFuelRouteFiltering" name="test_fuel_route_short_distance" time="9.907" /></testsuite></testsuites>