<?xml version="1.0" encoding="utf-8"?><testsuites name="pytest tests"><testsuite name="pytest" errors="0" failures="0" skipped="0" tests="6" time="5.439" timestamp="2026-06-13T04:48:05.997262+00:00" hostname="agent-env-2904b028-44d5-4b9e-9b0b-dd551559b2de"><testcase classname="tests.test_ai_round68" name="test_chat_accepts_calendar_context_field" time="0.838" /><testcase classname="tests.test_ai_round68" name="test_chat_with_unione_commercianti_query" time="2.084" /><testcase classname="tests.test_ai_round68" name="test_calendar_block_is_propagated" time="1.152" /><testcase classname="tests.test_ai_limits" name="test_daily_limit_blocks_without_llm_call" time="0.028" /><testcase classname="tests.test_ai_limits" name="test_monthly_limit_blocks" time="0.034" /><testcase classname="tests.test_ai_limits" name="test_chat_response_has_limit_field" time="1.160" /></testsuite></testsuites>