<?xml version="1.0" encoding="utf-8"?><testsuites name="pytest tests"><testsuite name="pytest" errors="0" failures="0" skipped="0" tests="6" time="14.359" timestamp="2026-04-14T12:08:52.209523+00:00" hostname="agent-env-2904b028-44d5-4b9e-9b0b-dd551559b2de"><testcase classname="backend.tests.test_marketmate_bugfixes.TestWeatherAPI" name="test_weather_valid_city" time="1.472" /><testcase classname="backend.tests.test_marketmate_bugfixes.TestWeatherAPI" name="test_weather_invalid_city" time="0.543" /><testcase classname="backend.tests.test_marketmate_bugfixes.TestFuelAPI" name="test_fuel_cheapest_valid_route" time="5.839" /><testcase classname="backend.tests.test_marketmate_bugfixes.TestFuelAPI" name="test_fuel_cheapest_invalid_city" time="0.347" /><testcase classname="backend.tests.test_marketmate_bugfixes.TestAIChatAPI" name="test_ai_chat_buongiorno" time="3.083" /><testcase classname="backend.tests.test_marketmate_bugfixes.TestDistanceAPI" name="test_distance_calculate_valid_cities" time="2.999" /></testsuite></testsuites>