<?xml version="1.0" encoding="utf-8"?><testsuites name="pytest tests"><testsuite name="pytest" errors="0" failures="0" skipped="0" tests="23" time="41.933" timestamp="2026-06-13T17:45:47.569504+00:00" hostname="agent-env-2904b028-44d5-4b9e-9b0b-dd551559b2de"><testcase classname="tests.test_ai_limits" name="test_daily_limit_blocks_without_llm_call" time="0.046" /><testcase classname="tests.test_ai_limits" name="test_monthly_limit_blocks" time="0.033" /><testcase classname="tests.test_ai_limits" name="test_chat_response_has_limit_field" time="0.902" /><testcase classname="tests.test_ai_round68" name="test_chat_accepts_calendar_context_field" time="0.903" /><testcase classname="tests.test_ai_round68" name="test_chat_with_unione_commercianti_query" time="2.433" /><testcase classname="tests.test_ai_round68" name="test_calendar_block_is_propagated" time="2.035" /><testcase classname="tests.test_ai_round69" name="test_chat_accepts_mercati_lista_field" time="0.760" /><testcase classname="tests.test_ai_round69" name="test_ai_does_not_ask_to_configure_province" time="2.068" /><testcase classname="tests.test_ai_round69" name="test_ai_cites_lombardia_when_lista_milano" time="2.983" /><testcase classname="tests.test_critical_bugfixes.TestFuelRouteFiltering" name="test_fuel_route_catania_palermo" time="4.268" /><testcase classname="tests.test_critical_bugfixes.TestFuelRouteFiltering" name="test_fuel_route_milano_roma" time="5.142" /><testcase classname="tests.test_critical_bugfixes.TestFuelRouteFiltering" name="test_fuel_route_short_distance" time="4.780" /><testcase classname="tests.test_marketmate_api.TestHealthCheck" name="test_root_endpoint" time="0.099" /><testcase classname="tests.test_marketmate_api.TestDistanceCalculation" name="test_distance_calculate_valid_cities" time="2.698" /><testcase classname="tests.test_marketmate_api.TestDistanceCalculation" name="test_distance_calculate_invalid_city" time="0.801" /><testcase classname="tests.test_marketmate_api.TestStatusEndpoints" name="test_create_status_check" time="0.094" /><testcase classname="tests.test_marketmate_api.TestStatusEndpoints" name="test_get_status_checks" time="0.101" /><testcase classname="tests.test_marketmate_bugfixes.TestWeatherAPI" name="test_weather_valid_city" time="1.181" /><testcase classname="tests.test_marketmate_bugfixes.TestWeatherAPI" name="test_weather_invalid_city" time="0.746" /><testcase classname="tests.test_marketmate_bugfixes.TestFuelAPI" name="test_fuel_cheapest_valid_route" time="2.947" /><testcase classname="tests.test_marketmate_bugfixes.TestFuelAPI" name="test_fuel_cheapest_invalid_city" time="0.831" /><testcase classname="tests.test_marketmate_bugfixes.TestAIChatAPI" name="test_ai_chat_buongiorno" time="1.905" /><testcase classname="tests.test_marketmate_bugfixes.TestDistanceAPI" name="test_distance_calculate_valid_cities" time="3.985" /></testsuite></testsuites>