<?xml version="1.0" encoding="utf-8"?><testsuites name="pytest tests"><testsuite name="pytest" errors="0" failures="0" skipped="1" tests="5" time="3.790" timestamp="2026-04-13T16:01:05.845412+00:00" hostname="agent-env-2904b028-44d5-4b9e-9b0b-dd551559b2de"><testcase classname="tests.test_marketmate_api.TestHealthCheck" name="test_root_endpoint" time="0.188" /><testcase classname="tests.test_marketmate_api.TestDistanceCalculation" name="test_distance_calculate_valid_cities" time="1.286"><skipped type="pytest.skip" message="Geocoding API unavailable: Città non trovata: Milano">/app/backend/tests/test_marketmate_api.py:40: Geocoding API unavailable: Città non trovata: Milano</skipped></testcase><testcase classname="tests.test_marketmate_api.TestDistanceCalculation" name="test_distance_calculate_invalid_city" time="2.019" /><testcase classname="tests.test_marketmate_api.TestStatusEndpoints" name="test_create_status_check" time="0.118" /><testcase classname="tests.test_marketmate_api.TestStatusEndpoints" name="test_get_status_checks" time="0.111" /></testsuite></testsuites>