<?xml version="1.0" encoding="utf-8"?><testsuites name="pytest tests"><testsuite name="pytest" errors="0" failures="0" skipped="0" tests="5" time="3.124" timestamp="2026-04-15T13:27:15.370905+00:00" hostname="agent-env-2904b028-44d5-4b9e-9b0b-dd551559b2de"><testcase classname="tests.test_marketmate_api.TestHealthCheck" name="test_root_endpoint" time="0.173" /><testcase classname="tests.test_marketmate_api.TestDistanceCalculation" name="test_distance_calculate_valid_cities" time="2.216" /><testcase classname="tests.test_marketmate_api.TestDistanceCalculation" name="test_distance_calculate_invalid_city" time="0.389" /><testcase classname="tests.test_marketmate_api.TestStatusEndpoints" name="test_create_status_check" time="0.153" /><testcase classname="tests.test_marketmate_api.TestStatusEndpoints" name="test_get_status_checks" time="0.124" /></testsuite></testsuites>